nohup: ignoring input
2023-10-17 10:35:56.034870: I tensorflow_serving/model_servers/server.cc:89] Building single TensorFlow model file config:  model_name: fashion_model model_base_path: /workspaces/Leather_QC/model/
2023-10-17 10:35:56.037198: I tensorflow_serving/model_servers/server_core.cc:465] Adding/updating models.
2023-10-17 10:35:56.037314: I tensorflow_serving/model_servers/server_core.cc:594]  (Re-)adding model: fashion_model
2023-10-17 10:35:56.152787: I tensorflow_serving/core/basic_manager.cc:740] Successfully reserved resources to load servable {name: fashion_model version: 1}
2023-10-17 10:35:56.152962: I tensorflow_serving/core/loader_harness.cc:66] Approving load for servable version {name: fashion_model version: 1}
2023-10-17 10:35:56.153067: I tensorflow_serving/core/loader_harness.cc:74] Loading servable version {name: fashion_model version: 1}
2023-10-17 10:35:56.177976: I external/org_tensorflow/tensorflow/cc/saved_model/reader.cc:43] Reading SavedModel from: /workspaces/Leather_QC/model/1
2023-10-17 10:35:56.214150: I external/org_tensorflow/tensorflow/cc/saved_model/reader.cc:78] Reading meta graph with tags { serve }
2023-10-17 10:35:56.215485: I external/org_tensorflow/tensorflow/cc/saved_model/reader.cc:119] Reading SavedModel debug info (if present) from: /workspaces/Leather_QC/model/1
2023-10-17 10:35:56.216411: I external/org_tensorflow/tensorflow/core/platform/cpu_feature_guard.cc:151] This TensorFlow binary is optimized with oneAPI Deep Neural Network Library (oneDNN) to use the following CPU instructions in performance-critical operations:  AVX2 FMA
To enable them in other operations, rebuild TensorFlow with the appropriate compiler flags.
2023-10-17 10:35:56.292950: I external/org_tensorflow/tensorflow/cc/saved_model/loader.cc:228] Restoring SavedModel bundle.
2023-10-17 10:35:56.433964: E external/org_tensorflow/tensorflow/core/grappler/optimizers/meta_optimizer.cc:828] tfg_optimizer{} failed: NOT_FOUND: Op type not registered 'DisableCopyOnRead' in binary running on codespaces-ea97fc. Make sure the Op and Kernel are registered in the binary running in this process. Note that if you are loading a saved graph which used ops from tf.contrib, accessing (e.g.) `tf.contrib.resampler` should be done before importing the graph, as contrib ops are lazily registered when the module is first accessed.
	when importing GraphDef to MLIR module in GrapplerHook
2023-10-17 10:35:57.063820: I external/org_tensorflow/tensorflow/cc/saved_model/loader.cc:212] Running initialization op on SavedModel bundle at path: /workspaces/Leather_QC/model/1
2023-10-17 10:35:57.074866: E external/org_tensorflow/tensorflow/core/grappler/optimizers/meta_optimizer.cc:828] tfg_optimizer{} failed: NOT_FOUND: Op type not registered 'DisableCopyOnRead' in binary running on codespaces-ea97fc. Make sure the Op and Kernel are registered in the binary running in this process. Note that if you are loading a saved graph which used ops from tf.contrib, accessing (e.g.) `tf.contrib.resampler` should be done before importing the graph, as contrib ops are lazily registered when the module is first accessed.
	when importing GraphDef to MLIR module in GrapplerHook
2023-10-17 10:35:57.079203: I external/org_tensorflow/tensorflow/cc/saved_model/loader.cc:301] SavedModel load for tags { serve }; Status: success: OK. Took 901225 microseconds.
2023-10-17 10:35:57.080876: I tensorflow_serving/servables/tensorflow/saved_model_warmup_util.cc:59] No warmup data file found at /workspaces/Leather_QC/model/1/assets.extra/tf_serving_warmup_requests
2023-10-17 10:35:57.082186: I tensorflow_serving/core/loader_harness.cc:87] Successfully loaded servable version {name: fashion_model version: 1}
2023-10-17 10:35:57.082794: I tensorflow_serving/model_servers/server_core.cc:486] Finished adding/updating models
2023-10-17 10:35:57.093227: I tensorflow_serving/model_servers/server.cc:133] Using InsecureServerCredentials
2023-10-17 10:35:57.093350: I tensorflow_serving/model_servers/server.cc:391] Profiler service is enabled
2023-10-17 10:35:57.106550: I tensorflow_serving/model_servers/server.cc:417] Running gRPC ModelServer at 0.0.0.0:8500 ...
2023-10-17 10:35:57.108556: I tensorflow_serving/model_servers/server.cc:438] Exporting HTTP/REST API at:localhost:8502 ...
[evhttp_server.cc : 245] NET_LOG: Entering the event loop ...
2023-10-17 10:36:36.454899: E external/org_tensorflow/tensorflow/core/grappler/optimizers/meta_optimizer.cc:828] tfg_optimizer{} failed: NOT_FOUND: Op type not registered 'DisableCopyOnRead' in binary running on codespaces-ea97fc. Make sure the Op and Kernel are registered in the binary running in this process. Note that if you are loading a saved graph which used ops from tf.contrib, accessing (e.g.) `tf.contrib.resampler` should be done before importing the graph, as contrib ops are lazily registered when the module is first accessed.
	when importing GraphDef to MLIR module in GrapplerHook
